<?xml version="1.0" encoding="utf-8"?><testsuites name="pytest tests"><testsuite name="pytest" errors="0" failures="0" skipped="0" tests="10" time="28.557" timestamp="2026-06-23T15:11:50.471280+00:00" hostname="agent-env-df985b52-ce2b-42f1-96e2-b3f52858e862"><testcase classname="backend.tests.test_levelup_backend.TestSystem" name="test_health" time="0.314" /><testcase classname="backend.tests.test_levelup_backend.TestSystem" name="test_ready" time="0.106" /><testcase classname="backend.tests.test_levelup_backend.TestSystem" name="test_config" time="0.060" /><testcase classname="backend.tests.test_levelup_backend.TestPremiumGating" name="test_food_scan_requires_pro" time="0.095" /><testcase classname="backend.tests.test_levelup_backend.TestPremiumGating" name="test_plan_requires_pro" time="0.043" /><testcase classname="backend.tests.test_levelup_backend.TestImageValidation" name="test_non_image_content_type" time="0.050" /><testcase classname="backend.tests.test_levelup_backend.TestImageValidation" name="test_empty_file" time="0.054" /><testcase classname="backend.tests.test_levelup_backend.TestFoodScanAI" name="test_analyze_image_pro" time="1.836" /><testcase classname="backend.tests.test_levelup_backend.TestPlanAI" name="test_plan_bodyweight_safety" time="12.233" /><testcase classname="backend.tests.test_levelup_backend.TestPlanAI" name="test_plan_full_gym_ok" time="13.593" /></testsuite></testsuites>